   1              		.cpu cortex-m3
   2              		.arch armv7-m
   3              		.fpu softvfp
   4              		.eabi_attribute 20, 1
   5              		.eabi_attribute 21, 1
   6              		.eabi_attribute 23, 3
   7              		.eabi_attribute 24, 1
   8              		.eabi_attribute 25, 1
   9              		.eabi_attribute 26, 1
  10              		.eabi_attribute 30, 2
  11              		.eabi_attribute 34, 1
  12              		.eabi_attribute 18, 4
  13              		.file	"stm32f10x_systick.c"
  14              		.text
  15              	.Ltext0:
  16              		.cfi_sections	.debug_frame
  17              		.align	1
  18              		.p2align 2,,3
  19              		.global	SysTick_CLKSourceConfig
  20              		.syntax unified
  21              		.thumb
  22              		.thumb_func
  24              	SysTick_CLKSourceConfig:
  25              	.LVL0:
  26              	.LFB0:
  27              		.file 1 "cpu/STM32F103/stm32f10x_systick.c"
   1:cpu/STM32F103/stm32f10x_systick.c **** /******************** (C) COPYRIGHT 2008 STMicroelectronics ********************
   2:cpu/STM32F103/stm32f10x_systick.c **** * File Name          : stm32f10x_systick.c
   3:cpu/STM32F103/stm32f10x_systick.c **** * Author             : MCD Application Team
   4:cpu/STM32F103/stm32f10x_systick.c **** * Version            : V2.0
   5:cpu/STM32F103/stm32f10x_systick.c **** * Date               : 05/23/2008
   6:cpu/STM32F103/stm32f10x_systick.c **** * Description        : This file provides all the SysTick firmware functions.
   7:cpu/STM32F103/stm32f10x_systick.c **** ********************************************************************************
   8:cpu/STM32F103/stm32f10x_systick.c **** * THE PRESENT FIRMWARE WHICH IS FOR GUIDANCE ONLY AIMS AT PROVIDING CUSTOMERS
   9:cpu/STM32F103/stm32f10x_systick.c **** * WITH CODING INFORMATION REGARDING THEIR PRODUCTS IN ORDER FOR THEM TO SAVE TIME.
  10:cpu/STM32F103/stm32f10x_systick.c **** * AS A RESULT, STMICROELECTRONICS SHALL NOT BE HELD LIABLE FOR ANY DIRECT,
  11:cpu/STM32F103/stm32f10x_systick.c **** * INDIRECT OR CONSEQUENTIAL DAMAGES WITH RESPECT TO ANY CLAIMS ARISING FROM THE
  12:cpu/STM32F103/stm32f10x_systick.c **** * CONTENT OF SUCH SOFTWARE AND/OR THE USE MADE BY CUSTOMERS OF THE CODING
  13:cpu/STM32F103/stm32f10x_systick.c **** * INFORMATION CONTAINED HEREIN IN CONNECTION WITH THEIR PRODUCTS.
  14:cpu/STM32F103/stm32f10x_systick.c **** * FOR MORE INFORMATION PLEASE CAREFULLY READ THE LICENSE AGREEMENT FILE LOCATED 
  15:cpu/STM32F103/stm32f10x_systick.c **** * IN THE ROOT DIRECTORY OF THIS FIRMWARE PACKAGE.
  16:cpu/STM32F103/stm32f10x_systick.c **** *******************************************************************************/
  17:cpu/STM32F103/stm32f10x_systick.c **** 
  18:cpu/STM32F103/stm32f10x_systick.c **** /* Includes ------------------------------------------------------------------*/
  19:cpu/STM32F103/stm32f10x_systick.c **** #include "stm32f10x_systick.h"
  20:cpu/STM32F103/stm32f10x_systick.c **** 
  21:cpu/STM32F103/stm32f10x_systick.c **** /* Private typedef -----------------------------------------------------------*/
  22:cpu/STM32F103/stm32f10x_systick.c **** /* Private define ------------------------------------------------------------*/
  23:cpu/STM32F103/stm32f10x_systick.c **** /* ---------------------- SysTick registers bit mask -------------------- */
  24:cpu/STM32F103/stm32f10x_systick.c **** /* CTRL TICKINT Mask */
  25:cpu/STM32F103/stm32f10x_systick.c **** #define CTRL_TICKINT_Set      ((u32)0x00000002)
  26:cpu/STM32F103/stm32f10x_systick.c **** #define CTRL_TICKINT_Reset    ((u32)0xFFFFFFFD)
  27:cpu/STM32F103/stm32f10x_systick.c **** 
  28:cpu/STM32F103/stm32f10x_systick.c **** /* Private macro -------------------------------------------------------------*/
  29:cpu/STM32F103/stm32f10x_systick.c **** /* Private variables ---------------------------------------------------------*/
  30:cpu/STM32F103/stm32f10x_systick.c **** /* Private function prototypes -----------------------------------------------*/
  31:cpu/STM32F103/stm32f10x_systick.c **** /* Private functions ---------------------------------------------------------*/
  32:cpu/STM32F103/stm32f10x_systick.c **** 
  33:cpu/STM32F103/stm32f10x_systick.c **** /*******************************************************************************
  34:cpu/STM32F103/stm32f10x_systick.c **** * Function Name  : SysTick_CLKSourceConfig
  35:cpu/STM32F103/stm32f10x_systick.c **** * Description    : Configures the SysTick clock source.
  36:cpu/STM32F103/stm32f10x_systick.c **** * Input          : - SysTick_CLKSource: specifies the SysTick clock source.
  37:cpu/STM32F103/stm32f10x_systick.c **** *                    This parameter can be one of the following values:
  38:cpu/STM32F103/stm32f10x_systick.c **** *                       - SysTick_CLKSource_HCLK_Div8: AHB clock divided by 8
  39:cpu/STM32F103/stm32f10x_systick.c **** *                         selected as SysTick clock source.
  40:cpu/STM32F103/stm32f10x_systick.c **** *                       - SysTick_CLKSource_HCLK: AHB clock selected as
  41:cpu/STM32F103/stm32f10x_systick.c **** *                         SysTick clock source.
  42:cpu/STM32F103/stm32f10x_systick.c **** * Output         : None
  43:cpu/STM32F103/stm32f10x_systick.c **** * Return         : None
  44:cpu/STM32F103/stm32f10x_systick.c **** *******************************************************************************/
  45:cpu/STM32F103/stm32f10x_systick.c **** void SysTick_CLKSourceConfig(u32 SysTick_CLKSource)
  46:cpu/STM32F103/stm32f10x_systick.c **** {
  28              		.loc 1 46 1 view -0
  29              		.cfi_startproc
  30              		@ args = 0, pretend = 0, frame = 0
  31              		@ frame_needed = 0, uses_anonymous_args = 0
  32              		@ link register save eliminated.
  47:cpu/STM32F103/stm32f10x_systick.c ****   /* Check the parameters */
  48:cpu/STM32F103/stm32f10x_systick.c ****   assert_param(IS_SYSTICK_CLK_SOURCE(SysTick_CLKSource));
  33              		.loc 1 48 3 view .LVU1
  49:cpu/STM32F103/stm32f10x_systick.c **** 
  50:cpu/STM32F103/stm32f10x_systick.c ****   if (SysTick_CLKSource == SysTick_CLKSource_HCLK)
  34              		.loc 1 50 3 view .LVU2
  51:cpu/STM32F103/stm32f10x_systick.c ****   {
  52:cpu/STM32F103/stm32f10x_systick.c ****     SysTick->CTRL |= SysTick_CLKSource_HCLK;
  35              		.loc 1 52 19 is_stmt 0 view .LVU3
  36 0000 4FF0E022 		mov	r2, #-536813568
  37 0004 1369     		ldr	r3, [r2, #16]
  50:cpu/STM32F103/stm32f10x_systick.c ****   {
  38              		.loc 1 50 6 view .LVU4
  39 0006 0428     		cmp	r0, #4
  40              		.loc 1 52 5 is_stmt 1 view .LVU5
  41              		.loc 1 52 19 is_stmt 0 view .LVU6
  42 0008 0CBF     		ite	eq
  43 000a 43F00403 		orreq	r3, r3, #4
  53:cpu/STM32F103/stm32f10x_systick.c ****   }
  54:cpu/STM32F103/stm32f10x_systick.c ****   else
  55:cpu/STM32F103/stm32f10x_systick.c ****   {
  56:cpu/STM32F103/stm32f10x_systick.c ****     SysTick->CTRL &= SysTick_CLKSource_HCLK_Div8;
  44              		.loc 1 56 5 is_stmt 1 view .LVU7
  45              		.loc 1 56 19 is_stmt 0 view .LVU8
  46 000e 23F00403 		bicne	r3, r3, #4
  47 0012 1361     		str	r3, [r2, #16]
  57:cpu/STM32F103/stm32f10x_systick.c ****   }
  58:cpu/STM32F103/stm32f10x_systick.c **** }
  48              		.loc 1 58 1 view .LVU9
  49 0014 7047     		bx	lr
  50              		.cfi_endproc
  51              	.LFE0:
  53              		.align	1
  54 0016 00BF     		.p2align 2,,3
  55              		.global	SysTick_SetReload
  56              		.syntax unified
  57              		.thumb
  58              		.thumb_func
  60              	SysTick_SetReload:
  61              	.LVL1:
  62              	.LFB1:
  59:cpu/STM32F103/stm32f10x_systick.c **** 
  60:cpu/STM32F103/stm32f10x_systick.c **** /*******************************************************************************
  61:cpu/STM32F103/stm32f10x_systick.c **** * Function Name  : SysTick_SetReload
  62:cpu/STM32F103/stm32f10x_systick.c **** * Description    : Sets SysTick Reload value.
  63:cpu/STM32F103/stm32f10x_systick.c **** * Input          : - Reload: SysTick Reload new value.
  64:cpu/STM32F103/stm32f10x_systick.c **** *                    This parameter must be a number between 1 and 0xFFFFFF.
  65:cpu/STM32F103/stm32f10x_systick.c **** * Output         : None
  66:cpu/STM32F103/stm32f10x_systick.c **** * Return         : None
  67:cpu/STM32F103/stm32f10x_systick.c **** *******************************************************************************/
  68:cpu/STM32F103/stm32f10x_systick.c **** void SysTick_SetReload(u32 Reload)
  69:cpu/STM32F103/stm32f10x_systick.c **** {
  63              		.loc 1 69 1 is_stmt 1 view -0
  64              		.cfi_startproc
  65              		@ args = 0, pretend = 0, frame = 0
  66              		@ frame_needed = 0, uses_anonymous_args = 0
  67              		@ link register save eliminated.
  70:cpu/STM32F103/stm32f10x_systick.c ****   /* Check the parameters */
  71:cpu/STM32F103/stm32f10x_systick.c ****   assert_param(IS_SYSTICK_RELOAD(Reload));
  68              		.loc 1 71 3 view .LVU11
  72:cpu/STM32F103/stm32f10x_systick.c **** 
  73:cpu/STM32F103/stm32f10x_systick.c ****   SysTick->LOAD = Reload;
  69              		.loc 1 73 3 view .LVU12
  70              		.loc 1 73 17 is_stmt 0 view .LVU13
  71 0018 4FF0E023 		mov	r3, #-536813568
  72 001c 5861     		str	r0, [r3, #20]
  74:cpu/STM32F103/stm32f10x_systick.c **** }
  73              		.loc 1 74 1 view .LVU14
  74 001e 7047     		bx	lr
  75              		.cfi_endproc
  76              	.LFE1:
  78              		.align	1
  79              		.p2align 2,,3
  80              		.global	SysTick_CounterCmd
  81              		.syntax unified
  82              		.thumb
  83              		.thumb_func
  85              	SysTick_CounterCmd:
  86              	.LVL2:
  87              	.LFB2:
  75:cpu/STM32F103/stm32f10x_systick.c **** 
  76:cpu/STM32F103/stm32f10x_systick.c **** /*******************************************************************************
  77:cpu/STM32F103/stm32f10x_systick.c **** * Function Name  : SysTick_CounterCmd
  78:cpu/STM32F103/stm32f10x_systick.c **** * Description    : Enables or disables the SysTick counter.
  79:cpu/STM32F103/stm32f10x_systick.c **** * Input          : - SysTick_Counter: new state of the SysTick counter.
  80:cpu/STM32F103/stm32f10x_systick.c **** *                    This parameter can be one of the following values:
  81:cpu/STM32F103/stm32f10x_systick.c **** *                       - SysTick_Counter_Disable: Disable counter
  82:cpu/STM32F103/stm32f10x_systick.c **** *                       - SysTick_Counter_Enable: Enable counter
  83:cpu/STM32F103/stm32f10x_systick.c **** *                       - SysTick_Counter_Clear: Clear counter value to 0
  84:cpu/STM32F103/stm32f10x_systick.c **** * Output         : None
  85:cpu/STM32F103/stm32f10x_systick.c **** * Return         : None
  86:cpu/STM32F103/stm32f10x_systick.c **** *******************************************************************************/
  87:cpu/STM32F103/stm32f10x_systick.c **** void SysTick_CounterCmd(u32 SysTick_Counter)
  88:cpu/STM32F103/stm32f10x_systick.c **** {
  88              		.loc 1 88 1 is_stmt 1 view -0
  89              		.cfi_startproc
  90              		@ args = 0, pretend = 0, frame = 0
  91              		@ frame_needed = 0, uses_anonymous_args = 0
  92              		@ link register save eliminated.
  89:cpu/STM32F103/stm32f10x_systick.c ****   /* Check the parameters */
  90:cpu/STM32F103/stm32f10x_systick.c ****   assert_param(IS_SYSTICK_COUNTER(SysTick_Counter));
  93              		.loc 1 90 3 view .LVU16
  91:cpu/STM32F103/stm32f10x_systick.c **** 
  92:cpu/STM32F103/stm32f10x_systick.c ****   if (SysTick_Counter == SysTick_Counter_Enable)
  94              		.loc 1 92 3 view .LVU17
  95              		.loc 1 92 6 is_stmt 0 view .LVU18
  96 0020 0128     		cmp	r0, #1
  97 0022 0DD0     		beq	.L10
  93:cpu/STM32F103/stm32f10x_systick.c ****   {
  94:cpu/STM32F103/stm32f10x_systick.c ****     SysTick->CTRL |= SysTick_Counter_Enable;
  95:cpu/STM32F103/stm32f10x_systick.c ****   }
  96:cpu/STM32F103/stm32f10x_systick.c ****   else if (SysTick_Counter == SysTick_Counter_Disable) 
  98              		.loc 1 96 8 is_stmt 1 view .LVU19
  99              		.loc 1 96 11 is_stmt 0 view .LVU20
 100 0024 0230     		adds	r0, r0, #2
 101              	.LVL3:
 102              		.loc 1 96 11 view .LVU21
 103 0026 04D0     		beq	.L11
  97:cpu/STM32F103/stm32f10x_systick.c ****   {
  98:cpu/STM32F103/stm32f10x_systick.c ****     SysTick->CTRL &= SysTick_Counter_Disable;
  99:cpu/STM32F103/stm32f10x_systick.c ****   }
 100:cpu/STM32F103/stm32f10x_systick.c ****   else /* SysTick_Counter == SysTick_Counter_Clear */
 101:cpu/STM32F103/stm32f10x_systick.c ****   {
 102:cpu/STM32F103/stm32f10x_systick.c ****     SysTick->VAL = SysTick_Counter_Clear;
 104              		.loc 1 102 5 is_stmt 1 view .LVU22
 105              		.loc 1 102 18 is_stmt 0 view .LVU23
 106 0028 4FF0E023 		mov	r3, #-536813568
 107 002c 0022     		movs	r2, #0
 108 002e 9A61     		str	r2, [r3, #24]
 103:cpu/STM32F103/stm32f10x_systick.c ****   }    
 104:cpu/STM32F103/stm32f10x_systick.c **** }
 109              		.loc 1 104 1 view .LVU24
 110 0030 7047     		bx	lr
 111              	.L11:
  98:cpu/STM32F103/stm32f10x_systick.c ****   }
 112              		.loc 1 98 5 is_stmt 1 view .LVU25
  98:cpu/STM32F103/stm32f10x_systick.c ****   }
 113              		.loc 1 98 19 is_stmt 0 view .LVU26
 114 0032 4FF0E022 		mov	r2, #-536813568
 115 0036 1369     		ldr	r3, [r2, #16]
 116 0038 23F00103 		bic	r3, r3, #1
 117 003c 1361     		str	r3, [r2, #16]
 118 003e 7047     		bx	lr
 119              	.LVL4:
 120              	.L10:
  94:cpu/STM32F103/stm32f10x_systick.c ****   }
 121              		.loc 1 94 5 is_stmt 1 view .LVU27
  94:cpu/STM32F103/stm32f10x_systick.c ****   }
 122              		.loc 1 94 19 is_stmt 0 view .LVU28
 123 0040 4FF0E022 		mov	r2, #-536813568
 124 0044 1369     		ldr	r3, [r2, #16]
 125 0046 43F00103 		orr	r3, r3, #1
 126 004a 1361     		str	r3, [r2, #16]
 127 004c 7047     		bx	lr
 128              		.cfi_endproc
 129              	.LFE2:
 131              		.align	1
 132 004e 00BF     		.p2align 2,,3
 133              		.global	SysTick_ITConfig
 134              		.syntax unified
 135              		.thumb
 136              		.thumb_func
 138              	SysTick_ITConfig:
 139              	.LVL5:
 140              	.LFB3:
 105:cpu/STM32F103/stm32f10x_systick.c **** 
 106:cpu/STM32F103/stm32f10x_systick.c **** /*******************************************************************************
 107:cpu/STM32F103/stm32f10x_systick.c **** * Function Name  : SysTick_ITConfig
 108:cpu/STM32F103/stm32f10x_systick.c **** * Description    : Enables or disables the SysTick Interrupt.
 109:cpu/STM32F103/stm32f10x_systick.c **** * Input          : - NewState: new state of the SysTick Interrupt.
 110:cpu/STM32F103/stm32f10x_systick.c **** *                    This parameter can be: ENABLE or DISABLE.
 111:cpu/STM32F103/stm32f10x_systick.c **** * Output         : None
 112:cpu/STM32F103/stm32f10x_systick.c **** * Return         : None
 113:cpu/STM32F103/stm32f10x_systick.c **** *******************************************************************************/
 114:cpu/STM32F103/stm32f10x_systick.c **** void SysTick_ITConfig(FunctionalState NewState)
 115:cpu/STM32F103/stm32f10x_systick.c **** {
 141              		.loc 1 115 1 is_stmt 1 view -0
 142              		.cfi_startproc
 143              		@ args = 0, pretend = 0, frame = 0
 144              		@ frame_needed = 0, uses_anonymous_args = 0
 145              		@ link register save eliminated.
 116:cpu/STM32F103/stm32f10x_systick.c ****   /* Check the parameters */
 117:cpu/STM32F103/stm32f10x_systick.c ****   assert_param(IS_FUNCTIONAL_STATE(NewState));
 146              		.loc 1 117 3 view .LVU30
 118:cpu/STM32F103/stm32f10x_systick.c **** 
 119:cpu/STM32F103/stm32f10x_systick.c ****   if (NewState != DISABLE)
 147              		.loc 1 119 3 view .LVU31
 120:cpu/STM32F103/stm32f10x_systick.c ****   {
 121:cpu/STM32F103/stm32f10x_systick.c ****     SysTick->CTRL |= CTRL_TICKINT_Set;
 148              		.loc 1 121 19 is_stmt 0 view .LVU32
 149 0050 4FF0E022 		mov	r2, #-536813568
 150 0054 1369     		ldr	r3, [r2, #16]
 119:cpu/STM32F103/stm32f10x_systick.c ****   {
 151              		.loc 1 119 6 view .LVU33
 152 0056 18B1     		cbz	r0, .L13
 153              		.loc 1 121 5 is_stmt 1 view .LVU34
 154              		.loc 1 121 19 is_stmt 0 view .LVU35
 155 0058 43F00203 		orr	r3, r3, #2
 156 005c 1361     		str	r3, [r2, #16]
 157 005e 7047     		bx	lr
 158              	.L13:
 122:cpu/STM32F103/stm32f10x_systick.c ****   }
 123:cpu/STM32F103/stm32f10x_systick.c ****   else
 124:cpu/STM32F103/stm32f10x_systick.c ****   {
 125:cpu/STM32F103/stm32f10x_systick.c ****     SysTick->CTRL &= CTRL_TICKINT_Reset;
 159              		.loc 1 125 5 is_stmt 1 view .LVU36
 160              		.loc 1 125 19 is_stmt 0 view .LVU37
 161 0060 23F00203 		bic	r3, r3, #2
 162 0064 1361     		str	r3, [r2, #16]
 126:cpu/STM32F103/stm32f10x_systick.c ****   }
 127:cpu/STM32F103/stm32f10x_systick.c **** }
 163              		.loc 1 127 1 view .LVU38
 164 0066 7047     		bx	lr
 165              		.cfi_endproc
 166              	.LFE3:
 168              		.align	1
 169              		.p2align 2,,3
 170              		.global	SysTick_GetCounter
 171              		.syntax unified
 172              		.thumb
 173              		.thumb_func
 175              	SysTick_GetCounter:
 176              	.LFB4:
 128:cpu/STM32F103/stm32f10x_systick.c **** 
 129:cpu/STM32F103/stm32f10x_systick.c **** /*******************************************************************************
 130:cpu/STM32F103/stm32f10x_systick.c **** * Function Name  : SysTick_GetCounter
 131:cpu/STM32F103/stm32f10x_systick.c **** * Description    : Gets SysTick counter value.
 132:cpu/STM32F103/stm32f10x_systick.c **** * Input          : None
 133:cpu/STM32F103/stm32f10x_systick.c **** * Output         : None
 134:cpu/STM32F103/stm32f10x_systick.c **** * Return         : SysTick current value
 135:cpu/STM32F103/stm32f10x_systick.c **** *******************************************************************************/
 136:cpu/STM32F103/stm32f10x_systick.c **** u32 SysTick_GetCounter(void)
 137:cpu/STM32F103/stm32f10x_systick.c **** {
 177              		.loc 1 137 1 is_stmt 1 view -0
 178              		.cfi_startproc
 179              		@ args = 0, pretend = 0, frame = 0
 180              		@ frame_needed = 0, uses_anonymous_args = 0
 181              		@ link register save eliminated.
 138:cpu/STM32F103/stm32f10x_systick.c ****   return(SysTick->VAL);
 182              		.loc 1 138 3 view .LVU40
 183              		.loc 1 138 17 is_stmt 0 view .LVU41
 184 0068 4FF0E023 		mov	r3, #-536813568
 185 006c 9869     		ldr	r0, [r3, #24]
 139:cpu/STM32F103/stm32f10x_systick.c **** }
 186              		.loc 1 139 1 view .LVU42
 187 006e 7047     		bx	lr
 188              		.cfi_endproc
 189              	.LFE4:
 191              		.align	1
 192              		.p2align 2,,3
 193              		.global	SysTick_GetFlagStatus
 194              		.syntax unified
 195              		.thumb
 196              		.thumb_func
 198              	SysTick_GetFlagStatus:
 199              	.LVL6:
 200              	.LFB5:
 140:cpu/STM32F103/stm32f10x_systick.c **** 
 141:cpu/STM32F103/stm32f10x_systick.c **** /*******************************************************************************
 142:cpu/STM32F103/stm32f10x_systick.c **** * Function Name  : SysTick_GetFlagStatus
 143:cpu/STM32F103/stm32f10x_systick.c **** * Description    : Checks whether the specified SysTick flag is set or not.
 144:cpu/STM32F103/stm32f10x_systick.c **** * Input          : - SysTick_FLAG: specifies the flag to check.
 145:cpu/STM32F103/stm32f10x_systick.c **** *                    This parameter can be one of the following values:
 146:cpu/STM32F103/stm32f10x_systick.c **** *                       - SysTick_FLAG_COUNT
 147:cpu/STM32F103/stm32f10x_systick.c **** *                       - SysTick_FLAG_SKEW
 148:cpu/STM32F103/stm32f10x_systick.c **** *                       - SysTick_FLAG_NOREF
 149:cpu/STM32F103/stm32f10x_systick.c **** * Output         : None
 150:cpu/STM32F103/stm32f10x_systick.c **** * Return         : None
 151:cpu/STM32F103/stm32f10x_systick.c **** *******************************************************************************/
 152:cpu/STM32F103/stm32f10x_systick.c **** FlagStatus SysTick_GetFlagStatus(u8 SysTick_FLAG)
 153:cpu/STM32F103/stm32f10x_systick.c **** {
 201              		.loc 1 153 1 is_stmt 1 view -0
 202              		.cfi_startproc
 203              		@ args = 0, pretend = 0, frame = 0
 204              		@ frame_needed = 0, uses_anonymous_args = 0
 205              		@ link register save eliminated.
 154:cpu/STM32F103/stm32f10x_systick.c ****   u32 statusreg = 0, tmp = 0 ;
 206              		.loc 1 154 3 view .LVU44
 155:cpu/STM32F103/stm32f10x_systick.c ****   FlagStatus bitstatus = RESET;
 207              		.loc 1 155 3 view .LVU45
 156:cpu/STM32F103/stm32f10x_systick.c **** 
 157:cpu/STM32F103/stm32f10x_systick.c ****   /* Check the parameters */
 158:cpu/STM32F103/stm32f10x_systick.c ****   assert_param(IS_SYSTICK_FLAG(SysTick_FLAG));
 208              		.loc 1 158 3 view .LVU46
 159:cpu/STM32F103/stm32f10x_systick.c **** 
 160:cpu/STM32F103/stm32f10x_systick.c ****   /* Get the SysTick register index */
 161:cpu/STM32F103/stm32f10x_systick.c ****   tmp = SysTick_FLAG >> 3;
 209              		.loc 1 161 3 view .LVU47
 162:cpu/STM32F103/stm32f10x_systick.c **** 
 163:cpu/STM32F103/stm32f10x_systick.c ****   if (tmp == 2) /* The flag to check is in CTRL register */
 210              		.loc 1 163 3 view .LVU48
 211              		.loc 1 163 6 is_stmt 0 view .LVU49
 212 0070 C308     		lsrs	r3, r0, #3
 213 0072 022B     		cmp	r3, #2
 164:cpu/STM32F103/stm32f10x_systick.c ****   {
 165:cpu/STM32F103/stm32f10x_systick.c ****     statusreg = SysTick->CTRL;
 214              		.loc 1 165 15 view .LVU50
 215 0074 4FF0E023 		mov	r3, #-536813568
 216              		.loc 1 165 5 is_stmt 1 view .LVU51
 217              		.loc 1 165 15 is_stmt 0 view .LVU52
 218 0078 0CBF     		ite	eq
 219 007a 1B69     		ldreq	r3, [r3, #16]
 220              	.LVL7:
 166:cpu/STM32F103/stm32f10x_systick.c ****   }
 167:cpu/STM32F103/stm32f10x_systick.c ****   else          /* The flag to check is in CALIB register */
 168:cpu/STM32F103/stm32f10x_systick.c ****   {
 169:cpu/STM32F103/stm32f10x_systick.c ****     statusreg = SysTick->CALIB;
 221              		.loc 1 169 5 is_stmt 1 view .LVU53
 222              		.loc 1 169 15 is_stmt 0 view .LVU54
 223 007c DB69     		ldrne	r3, [r3, #28]
 224              	.LVL8:
 170:cpu/STM32F103/stm32f10x_systick.c ****   }
 171:cpu/STM32F103/stm32f10x_systick.c **** 
 172:cpu/STM32F103/stm32f10x_systick.c ****   if ((statusreg & ((u32)1 << SysTick_FLAG)) != (u32)RESET)
 225              		.loc 1 172 3 is_stmt 1 view .LVU55
 173:cpu/STM32F103/stm32f10x_systick.c ****   {
 174:cpu/STM32F103/stm32f10x_systick.c ****     bitstatus = SET;
 175:cpu/STM32F103/stm32f10x_systick.c ****   }
 176:cpu/STM32F103/stm32f10x_systick.c ****   else
 177:cpu/STM32F103/stm32f10x_systick.c ****   {
 178:cpu/STM32F103/stm32f10x_systick.c ****     bitstatus = RESET;
 179:cpu/STM32F103/stm32f10x_systick.c ****   }
 180:cpu/STM32F103/stm32f10x_systick.c ****   return bitstatus;
 226              		.loc 1 180 3 view .LVU56
 172:cpu/STM32F103/stm32f10x_systick.c ****   {
 227              		.loc 1 172 46 is_stmt 0 view .LVU57
 228 007e 23FA00F0 		lsr	r0, r3, r0
 229              	.LVL9:
 181:cpu/STM32F103/stm32f10x_systick.c **** }
 230              		.loc 1 181 1 view .LVU58
 231 0082 00F00100 		and	r0, r0, #1
 232 0086 7047     		bx	lr
 233              		.cfi_endproc
 234              	.LFE5:
 236              	.Letext0:
 237              		.file 2 "cpu/STM32F103/stm32f10x_type.h"
 238              		.file 3 "cpu/STM32F103/stm32f10x_map.h"
DEFINED SYMBOLS
                            *ABS*:00000000 stm32f10x_systick.c
C:\Users\forre\AppData\Local\Temp\cc9KXgLu.s:17     .text:00000000 $t
C:\Users\forre\AppData\Local\Temp\cc9KXgLu.s:24     .text:00000000 SysTick_CLKSourceConfig
C:\Users\forre\AppData\Local\Temp\cc9KXgLu.s:60     .text:00000018 SysTick_SetReload
C:\Users\forre\AppData\Local\Temp\cc9KXgLu.s:85     .text:00000020 SysTick_CounterCmd
C:\Users\forre\AppData\Local\Temp\cc9KXgLu.s:138    .text:00000050 SysTick_ITConfig
C:\Users\forre\AppData\Local\Temp\cc9KXgLu.s:175    .text:00000068 SysTick_GetCounter
C:\Users\forre\AppData\Local\Temp\cc9KXgLu.s:198    .text:00000070 SysTick_GetFlagStatus

NO UNDEFINED SYMBOLS
